[2022-04-06T23:56:55.860] [INFO] access - path:/api/v1/articles, method:GET, user-agent:Mozilla/5.0 (Windows NT 10.0; Win64; x64) AppleWebKit/537.36 (KHTML, like Gecko) Chrome/100.0.4896.60 Safari/537.36
[2022-04-06T23:58:34.156] [INFO] access - path:/api/v1/articles, method:GET, user-agent:Mozilla/5.0 (Windows NT 10.0; Win64; x64) AppleWebKit/537.36 (KHTML, like Gecko) Chrome/100.0.4896.60 Safari/537.36
[2022-04-07T00:00:07.501] [INFO] access - path:/api/v1/articles, method:GET, user-agent:Mozilla/5.0 (Windows NT 10.0; Win64; x64) AppleWebKit/537.36 (KHTML, like Gecko) Chrome/100.0.4896.60 Safari/537.36
[2022-04-07T00:00:12.063] [INFO] access - path:/api/v1/articles, method:GET, user-agent:Mozilla/5.0 (Windows NT 10.0; Win64; x64) AppleWebKit/537.36 (KHTML, like Gecko) Chrome/100.0.4896.60 Safari/537.36
[2022-04-07T00:00:52.315] [INFO] access - path:/api/v1/articles, method:GET, user-agent:Mozilla/5.0 (Windows NT 10.0; Win64; x64) AppleWebKit/537.36 (KHTML, like Gecko) Chrome/100.0.4896.60 Safari/537.36
[2022-04-07T00:00:52.553] [INFO] access - path:/api/v1/articles, method:GET, user-agent:Mozilla/5.0 (Windows NT 10.0; Win64; x64) AppleWebKit/537.36 (KHTML, like Gecko) Chrome/100.0.4896.60 Safari/537.36
[2022-04-07T00:00:55.525] [INFO] access - path:/api/v1/articles, method:GET, user-agent:Mozilla/5.0 (Windows NT 10.0; Win64; x64) AppleWebKit/537.36 (KHTML, like Gecko) Chrome/100.0.4896.60 Safari/537.36
[2022-04-07T00:02:14.167] [INFO] access - path:/api/v1/articles, method:GET, user-agent:Mozilla/5.0 (Windows NT 10.0; Win64; x64) AppleWebKit/537.36 (KHTML, like Gecko) Chrome/100.0.4896.60 Safari/537.36
[2022-04-07T00:09:04.030] [INFO] access - path:/api/v1/articles, method:GET, user-agent:Mozilla/5.0 (Windows NT 10.0; Win64; x64) AppleWebKit/537.36 (KHTML, like Gecko) Chrome/100.0.4896.60 Safari/537.36
[2022-04-07T00:09:12.880] [INFO] access - path:/api/v1/articles, method:GET, user-agent:Mozilla/5.0 (Windows NT 10.0; Win64; x64) AppleWebKit/537.36 (KHTML, like Gecko) Chrome/100.0.4896.60 Safari/537.36
[2022-04-07T00:09:14.133] [INFO] access - path:/api/v1/articles, method:GET, user-agent:Mozilla/5.0 (Windows NT 10.0; Win64; x64) AppleWebKit/537.36 (KHTML, like Gecko) Chrome/100.0.4896.60 Safari/537.36
[2022-04-07T00:09:21.257] [INFO] access - path:/api/v1/articles, method:GET, user-agent:Mozilla/5.0 (Windows NT 10.0; Win64; x64) AppleWebKit/537.36 (KHTML, like Gecko) Chrome/100.0.4896.60 Safari/537.36
[2022-04-07T00:09:21.796] [INFO] access - path:/api/v1/articles, method:GET, user-agent:Mozilla/5.0 (Windows NT 10.0; Win64; x64) AppleWebKit/537.36 (KHTML, like Gecko) Chrome/100.0.4896.60 Safari/537.36
[2022-04-07T00:09:23.693] [INFO] access - path:/api/v1/articles, method:GET, user-agent:Mozilla/5.0 (Windows NT 10.0; Win64; x64) AppleWebKit/537.36 (KHTML, like Gecko) Chrome/100.0.4896.60 Safari/537.36
[2022-04-07T00:10:50.957] [INFO] access - path:/api/v1/articles, method:GET, user-agent:Mozilla/5.0 (Windows NT 10.0; Win64; x64) AppleWebKit/537.36 (KHTML, like Gecko) Chrome/100.0.4896.60 Safari/537.36
[2022-04-07T00:11:01.722] [INFO] access - path:/api/v1/articles, method:GET, user-agent:Mozilla/5.0 (Windows NT 10.0; Win64; x64) AppleWebKit/537.36 (KHTML, like Gecko) Chrome/100.0.4896.60 Safari/537.36
[2022-04-07T00:11:09.490] [INFO] access - path:/api/v1/articles, method:GET, user-agent:Mozilla/5.0 (Windows NT 10.0; Win64; x64) AppleWebKit/537.36 (KHTML, like Gecko) Chrome/100.0.4896.60 Safari/537.36
[2022-04-07T00:11:14.143] [INFO] access - path:/api/v1/articles, method:GET, user-agent:Mozilla/5.0 (Windows NT 10.0; Win64; x64) AppleWebKit/537.36 (KHTML, like Gecko) Chrome/100.0.4896.60 Safari/537.36
[2022-04-07T00:11:28.954] [INFO] access - path:/api/v1/articles, method:GET, user-agent:Mozilla/5.0 (Windows NT 10.0; Win64; x64) AppleWebKit/537.36 (KHTML, like Gecko) Chrome/100.0.4896.60 Safari/537.36
[2022-04-07T00:12:32.287] [INFO] access - path:/api/v1/articles, method:GET, user-agent:Mozilla/5.0 (Windows NT 10.0; Win64; x64) AppleWebKit/537.36 (KHTML, like Gecko) Chrome/100.0.4896.60 Safari/537.36
[2022-04-07T00:12:43.008] [INFO] access - path:/api/v1/articles, method:GET, user-agent:Mozilla/5.0 (Windows NT 10.0; Win64; x64) AppleWebKit/537.36 (KHTML, like Gecko) Chrome/100.0.4896.60 Safari/537.36
[2022-04-07T00:12:50.584] [INFO] access - path:/api/v1/articles, method:GET, user-agent:Mozilla/5.0 (Windows NT 10.0; Win64; x64) AppleWebKit/537.36 (KHTML, like Gecko) Chrome/100.0.4896.60 Safari/537.36
[2022-04-07T00:12:52.873] [INFO] access - path:/api/v1/articles, method:GET, user-agent:Mozilla/5.0 (Windows NT 10.0; Win64; x64) AppleWebKit/537.36 (KHTML, like Gecko) Chrome/100.0.4896.60 Safari/537.36
[2022-04-07T00:12:54.606] [INFO] access - path:/api/v1/articles, method:GET, user-agent:Mozilla/5.0 (Windows NT 10.0; Win64; x64) AppleWebKit/537.36 (KHTML, like Gecko) Chrome/100.0.4896.60 Safari/537.36
[2022-04-07T00:13:05.591] [INFO] access - path:/api/v1/articles, method:GET, user-agent:Mozilla/5.0 (Windows NT 10.0; Win64; x64) AppleWebKit/537.36 (KHTML, like Gecko) Chrome/100.0.4896.60 Safari/537.36
[2022-04-07T00:13:33.641] [INFO] access - path:/api/v1/articles, method:GET, user-agent:Mozilla/5.0 (Windows NT 10.0; Win64; x64) AppleWebKit/537.36 (KHTML, like Gecko) Chrome/100.0.4896.60 Safari/537.36
[2022-04-07T00:13:37.015] [INFO] access - path:/api/v1/articles, method:GET, user-agent:Mozilla/5.0 (Windows NT 10.0; Win64; x64) AppleWebKit/537.36 (KHTML, like Gecko) Chrome/100.0.4896.60 Safari/537.36
[2022-04-07T00:14:37.264] [INFO] access - path:/api/v1/articles, method:GET, user-agent:Mozilla/5.0 (Windows NT 10.0; Win64; x64) AppleWebKit/537.36 (KHTML, like Gecko) Chrome/100.0.4896.60 Safari/537.36
[2022-04-07T00:18:17.805] [INFO] access - path:/api/v1/articles, method:GET, user-agent:Mozilla/5.0 (Windows NT 10.0; Win64; x64) AppleWebKit/537.36 (KHTML, like Gecko) Chrome/100.0.4896.60 Safari/537.36
[2022-04-07T00:18:36.071] [INFO] access - path:/api/v1/articles, method:GET, user-agent:Mozilla/5.0 (Windows NT 10.0; Win64; x64) AppleWebKit/537.36 (KHTML, like Gecko) Chrome/100.0.4896.60 Safari/537.36
[2022-04-07T00:19:22.210] [INFO] access - path:/api/v1/articles, method:GET, user-agent:Mozilla/5.0 (Windows NT 10.0; Win64; x64) AppleWebKit/537.36 (KHTML, like Gecko) Chrome/100.0.4896.60 Safari/537.36
[2022-04-07T00:19:37.376] [INFO] access - path:/api/v1/articles, method:GET, user-agent:Mozilla/5.0 (Windows NT 10.0; Win64; x64) AppleWebKit/537.36 (KHTML, like Gecko) Chrome/100.0.4896.60 Safari/537.36
[2022-04-07T00:19:43.305] [INFO] access - path:/api/v1/articles, method:GET, user-agent:Mozilla/5.0 (Windows NT 10.0; Win64; x64) AppleWebKit/537.36 (KHTML, like Gecko) Chrome/100.0.4896.60 Safari/537.36
[2022-04-07T00:19:44.446] [INFO] access - path:/api/v1/articles, method:GET, user-agent:Mozilla/5.0 (Windows NT 10.0; Win64; x64) AppleWebKit/537.36 (KHTML, like Gecko) Chrome/100.0.4896.60 Safari/537.36
[2022-04-07T00:19:57.066] [INFO] access - path:/api/v1/articles, method:GET, user-agent:Mozilla/5.0 (Windows NT 10.0; Win64; x64) AppleWebKit/537.36 (KHTML, like Gecko) Chrome/100.0.4896.60 Safari/537.36
[2022-04-07T00:20:09.440] [INFO] access - path:/api/v1/articles, method:GET, user-agent:Mozilla/5.0 (Windows NT 10.0; Win64; x64) AppleWebKit/537.36 (KHTML, like Gecko) Chrome/100.0.4896.60 Safari/537.36
[2022-04-07T00:20:11.514] [INFO] access - path:/api/v1/articles, method:GET, user-agent:Mozilla/5.0 (Windows NT 10.0; Win64; x64) AppleWebKit/537.36 (KHTML, like Gecko) Chrome/100.0.4896.60 Safari/537.36
[2022-04-07T00:20:21.932] [INFO] access - path:/api/v1/articles, method:GET, user-agent:Mozilla/5.0 (Windows NT 10.0; Win64; x64) AppleWebKit/537.36 (KHTML, like Gecko) Chrome/100.0.4896.60 Safari/537.36
[2022-04-07T00:20:45.121] [INFO] access - path:/api/v1/articles, method:GET, user-agent:Mozilla/5.0 (Windows NT 10.0; Win64; x64) AppleWebKit/537.36 (KHTML, like Gecko) Chrome/100.0.4896.60 Safari/537.36
[2022-04-07T00:20:47.684] [INFO] access - path:/api/v1/articles, method:GET, user-agent:Mozilla/5.0 (Windows NT 10.0; Win64; x64) AppleWebKit/537.36 (KHTML, like Gecko) Chrome/100.0.4896.60 Safari/537.36
[2022-04-07T00:20:50.992] [INFO] access - path:/api/v1/articles, method:GET, user-agent:Mozilla/5.0 (Windows NT 10.0; Win64; x64) AppleWebKit/537.36 (KHTML, like Gecko) Chrome/100.0.4896.60 Safari/537.36
[2022-04-07T00:20:52.158] [INFO] access - path:/api/v1/articles, method:GET, user-agent:Mozilla/5.0 (Windows NT 10.0; Win64; x64) AppleWebKit/537.36 (KHTML, like Gecko) Chrome/100.0.4896.60 Safari/537.36
[2022-04-07T00:21:01.040] [INFO] access - path:/api/v1/articles, method:GET, user-agent:Mozilla/5.0 (Windows NT 10.0; Win64; x64) AppleWebKit/537.36 (KHTML, like Gecko) Chrome/100.0.4896.60 Safari/537.36
[2022-04-07T00:21:03.996] [INFO] access - path:/api/v1/articles, method:GET, user-agent:Mozilla/5.0 (Windows NT 10.0; Win64; x64) AppleWebKit/537.36 (KHTML, like Gecko) Chrome/100.0.4896.60 Safari/537.36
[2022-04-07T00:21:18.245] [INFO] access - path:/api/v1/articles, method:GET, user-agent:Mozilla/5.0 (Windows NT 10.0; Win64; x64) AppleWebKit/537.36 (KHTML, like Gecko) Chrome/100.0.4896.60 Safari/537.36
[2022-04-07T00:21:21.146] [INFO] access - path:/api/v1/articles, method:GET, user-agent:Mozilla/5.0 (Windows NT 10.0; Win64; x64) AppleWebKit/537.36 (KHTML, like Gecko) Chrome/100.0.4896.60 Safari/537.36
[2022-04-07T00:21:23.123] [INFO] access - path:/api/v1/articles, method:GET, user-agent:Mozilla/5.0 (Windows NT 10.0; Win64; x64) AppleWebKit/537.36 (KHTML, like Gecko) Chrome/100.0.4896.60 Safari/537.36
[2022-04-07T00:22:09.174] [INFO] access - path:/api/v1/articles, method:GET, user-agent:Mozilla/5.0 (Windows NT 10.0; Win64; x64) AppleWebKit/537.36 (KHTML, like Gecko) Chrome/100.0.4896.60 Safari/537.36
[2022-04-07T00:22:16.073] [INFO] access - path:/api/v1/articles, method:GET, user-agent:Mozilla/5.0 (Windows NT 10.0; Win64; x64) AppleWebKit/537.36 (KHTML, like Gecko) Chrome/100.0.4896.60 Safari/537.36
[2022-04-07T00:22:20.938] [INFO] access - path:/api/v1/articles, method:GET, user-agent:Mozilla/5.0 (Windows NT 10.0; Win64; x64) AppleWebKit/537.36 (KHTML, like Gecko) Chrome/100.0.4896.60 Safari/537.36
[2022-04-07T00:22:32.012] [INFO] access - path:/api/v1/articles, method:GET, user-agent:Mozilla/5.0 (Windows NT 10.0; Win64; x64) AppleWebKit/537.36 (KHTML, like Gecko) Chrome/100.0.4896.60 Safari/537.36
[2022-04-07T00:22:38.120] [INFO] access - path:/api/v1/articles, method:GET, user-agent:Mozilla/5.0 (Windows NT 10.0; Win64; x64) AppleWebKit/537.36 (KHTML, like Gecko) Chrome/100.0.4896.60 Safari/537.36
[2022-04-07T00:22:41.751] [INFO] access - path:/api/v1/articles, method:GET, user-agent:Mozilla/5.0 (Windows NT 10.0; Win64; x64) AppleWebKit/537.36 (KHTML, like Gecko) Chrome/100.0.4896.60 Safari/537.36
[2022-04-07T00:23:19.892] [INFO] access - path:/api/v1/articles, method:GET, user-agent:Mozilla/5.0 (Windows NT 10.0; Win64; x64) AppleWebKit/537.36 (KHTML, like Gecko) Chrome/100.0.4896.60 Safari/537.36
[2022-04-07T00:23:34.967] [INFO] access - path:/api/v1/articles, method:GET, user-agent:Mozilla/5.0 (Windows NT 10.0; Win64; x64) AppleWebKit/537.36 (KHTML, like Gecko) Chrome/100.0.4896.60 Safari/537.36
[2022-04-07T00:23:36.844] [INFO] access - path:/api/v1/articles, method:GET, user-agent:Mozilla/5.0 (Windows NT 10.0; Win64; x64) AppleWebKit/537.36 (KHTML, like Gecko) Chrome/100.0.4896.60 Safari/537.36
[2022-04-07T00:23:53.163] [INFO] access - path:/api/v1/articles, method:GET, user-agent:Mozilla/5.0 (Windows NT 10.0; Win64; x64) AppleWebKit/537.36 (KHTML, like Gecko) Chrome/100.0.4896.60 Safari/537.36
[2022-04-07T00:23:59.218] [INFO] access - path:/api/v1/articles, method:GET, user-agent:Mozilla/5.0 (Windows NT 10.0; Win64; x64) AppleWebKit/537.36 (KHTML, like Gecko) Chrome/100.0.4896.60 Safari/537.36
[2022-04-07T00:24:04.125] [INFO] access - path:/api/v1/articles, method:GET, user-agent:Mozilla/5.0 (Windows NT 10.0; Win64; x64) AppleWebKit/537.36 (KHTML, like Gecko) Chrome/100.0.4896.60 Safari/537.36
[2022-04-07T00:24:20.352] [INFO] access - path:/api/v1/articles, method:GET, user-agent:Mozilla/5.0 (Windows NT 10.0; Win64; x64) AppleWebKit/537.36 (KHTML, like Gecko) Chrome/100.0.4896.60 Safari/537.36
[2022-04-07T00:26:21.196] [INFO] access - path:/api/v1/articles, method:GET, user-agent:Mozilla/5.0 (Windows NT 10.0; Win64; x64) AppleWebKit/537.36 (KHTML, like Gecko) Chrome/100.0.4896.60 Safari/537.36
[2022-04-07T00:30:47.344] [INFO] access - path:/api/v1/articles, method:GET, user-agent:Mozilla/5.0 (Windows NT 10.0; Win64; x64) AppleWebKit/537.36 (KHTML, like Gecko) Chrome/100.0.4896.60 Safari/537.36
[2022-04-07T00:30:52.217] [INFO] access - path:/api/v1/articles, method:GET, user-agent:Mozilla/5.0 (Windows NT 10.0; Win64; x64) AppleWebKit/537.36 (KHTML, like Gecko) Chrome/100.0.4896.60 Safari/537.36
[2022-04-07T00:31:05.788] [INFO] access - path:/api/v1/articles, method:GET, user-agent:Mozilla/5.0 (Windows NT 10.0; Win64; x64) AppleWebKit/537.36 (KHTML, like Gecko) Chrome/100.0.4896.60 Safari/537.36
[2022-04-07T00:31:18.971] [INFO] access - path:/api/v1/articles, method:GET, user-agent:Mozilla/5.0 (Windows NT 10.0; Win64; x64) AppleWebKit/537.36 (KHTML, like Gecko) Chrome/100.0.4896.60 Safari/537.36
[2022-04-07T00:31:29.847] [INFO] access - path:/api/v1/articles, method:GET, user-agent:Mozilla/5.0 (Windows NT 10.0; Win64; x64) AppleWebKit/537.36 (KHTML, like Gecko) Chrome/100.0.4896.60 Safari/537.36
[2022-04-07T00:32:17.962] [INFO] access - path:/api/v1/articles, method:GET, user-agent:Mozilla/5.0 (Windows NT 10.0; Win64; x64) AppleWebKit/537.36 (KHTML, like Gecko) Chrome/100.0.4896.60 Safari/537.36
[2022-04-07T00:32:19.075] [INFO] access - path:/api/v1/articles, method:GET, user-agent:Mozilla/5.0 (Windows NT 10.0; Win64; x64) AppleWebKit/537.36 (KHTML, like Gecko) Chrome/100.0.4896.60 Safari/537.36
[2022-04-07T00:32:21.910] [INFO] access - path:/api/v1/articles, method:GET, user-agent:Mozilla/5.0 (Windows NT 10.0; Win64; x64) AppleWebKit/537.36 (KHTML, like Gecko) Chrome/100.0.4896.60 Safari/537.36
[2022-04-07T00:32:23.006] [INFO] access - path:/api/v1/articles, method:GET, user-agent:Mozilla/5.0 (Windows NT 10.0; Win64; x64) AppleWebKit/537.36 (KHTML, like Gecko) Chrome/100.0.4896.60 Safari/537.36
[2022-04-07T00:33:00.624] [INFO] access - path:/api/v1/articles, method:GET, user-agent:Mozilla/5.0 (Windows NT 10.0; Win64; x64) AppleWebKit/537.36 (KHTML, like Gecko) Chrome/100.0.4896.60 Safari/537.36
[2022-04-07T15:52:19.158] [INFO] access - path:/api/v1/articles, method:GET, user-agent:Mozilla/5.0 (Windows NT 10.0; Win64; x64) AppleWebKit/537.36 (KHTML, like Gecko) Chrome/100.0.4896.75 Safari/537.36
[2022-04-07T16:36:06.455] [INFO] access - path:/api/v1/articles, method:GET, user-agent:Mozilla/5.0 (Windows NT 10.0; Win64; x64) AppleWebKit/537.36 (KHTML, like Gecko) Chrome/100.0.4896.75 Safari/537.36
[2022-04-07T16:38:27.532] [INFO] access - path:/api/v1/articles, method:GET, user-agent:Mozilla/5.0 (Windows NT 10.0; Win64; x64) AppleWebKit/537.36 (KHTML, like Gecko) Chrome/100.0.4896.75 Safari/537.36
[2022-04-07T16:43:02.438] [INFO] access - path:/api/v1/profiles/celeb_%7B%7BUSERNAME%7D%7D/follow, method:POST, user-agent:apifox/1.0.0 (https://www.apifox.cn)
[2022-04-07T16:44:54.897] [INFO] access - path:/api/v1/profiles/%7B%7BUSERNAME%7D%7D/follow, method:POST, user-agent:apifox/1.0.0 (https://www.apifox.cn)
[2022-04-07T16:45:50.551] [INFO] access - path:/api/v1/profiles/wx2/follow, method:POST, user-agent:apifox/1.0.0 (https://www.apifox.cn)
[2022-04-07T16:49:05.210] [INFO] access - path:/api/v1/profiles/wx2/follow, method:POST, user-agent:apifox/1.0.0 (https://www.apifox.cn)
[2022-04-07T16:49:41.482] [INFO] access - path:/api/v1/profiles/wx2/follow, method:POST, user-agent:apifox/1.0.0 (https://www.apifox.cn)
[2022-04-07T16:50:26.785] [INFO] access - path:/api/v1/profiles/wx2/follow, method:POST, user-agent:apifox/1.0.0 (https://www.apifox.cn)
[2022-04-07T16:50:34.629] [INFO] access - path:/api/v1/profiles/wx2/follow, method:POST, user-agent:apifox/1.0.0 (https://www.apifox.cn)
[2022-04-07T16:51:20.710] [INFO] access - path:/api/v1/profiles/wx2/follow, method:POST, user-agent:apifox/1.0.0 (https://www.apifox.cn)
[2022-04-07T16:51:40.174] [INFO] access - path:/api/v1/profiles/wx2/follow, method:POST, user-agent:apifox/1.0.0 (https://www.apifox.cn)
[2022-04-07T17:01:18.651] [INFO] access - path:/api/v1/profiles/wx2/follow, method:POST, user-agent:apifox/1.0.0 (https://www.apifox.cn)
[2022-04-07T17:01:39.187] [INFO] access - path:/api/v1/profiles/wx2/follow, method:POST, user-agent:apifox/1.0.0 (https://www.apifox.cn)
[2022-04-07T17:03:02.144] [INFO] access - path:/api/v1/profiles/wx2/follow, method:POST, user-agent:apifox/1.0.0 (https://www.apifox.cn)
[2022-04-07T17:03:47.374] [INFO] access - path:/api/v1/profiles/wx2/follow, method:POST, user-agent:apifox/1.0.0 (https://www.apifox.cn)
[2022-04-07T17:05:25.549] [INFO] access - path:/api/v1/profiles/wx2/follow, method:POST, user-agent:apifox/1.0.0 (https://www.apifox.cn)
[2022-04-07T17:17:08.118] [INFO] access - path:/api/v1/profiles/wx2/follow, method:POST, user-agent:apifox/1.0.0 (https://www.apifox.cn)
[2022-04-07T17:19:19.511] [INFO] access - path:/api/v1/profiles/celeb_%7B%7BUSERNAME%7D%7D/follow, method:DELETE, user-agent:apifox/1.0.0 (https://www.apifox.cn)
[2022-04-07T17:20:37.597] [INFO] access - path:/api/v1/profiles/wx2/follow, method:DELETE, user-agent:apifox/1.0.0 (https://www.apifox.cn)
[2022-04-07T17:29:22.148] [INFO] access - path:/api/v1/profiles/wx2/follow, method:DELETE, user-agent:apifox/1.0.0 (https://www.apifox.cn)
[2022-04-07T17:29:59.677] [INFO] access - path:/api/v1/profiles/wx2/follow, method:DELETE, user-agent:apifox/1.0.0 (https://www.apifox.cn)
[2022-04-07T17:30:16.073] [INFO] access - path:/api/v1/profiles/wx2/follow, method:DELETE, user-agent:apifox/1.0.0 (https://www.apifox.cn)
[2022-04-07T17:39:20.596] [INFO] access - path:/api/v1/profiles/wx2/follow, method:DELETE, user-agent:apifox/1.0.0 (https://www.apifox.cn)
[2022-04-07T17:39:55.153] [INFO] access - path:/api/v1/profiles/wx2/follow, method:DELETE, user-agent:apifox/1.0.0 (https://www.apifox.cn)
[2022-04-07T17:40:50.280] [INFO] access - path:/api/v1/profiles/wx2/follow, method:DELETE, user-agent:apifox/1.0.0 (https://www.apifox.cn)
[2022-04-07T17:40:56.567] [INFO] access - path:/api/v1/profiles/wx3/follow, method:DELETE, user-agent:apifox/1.0.0 (https://www.apifox.cn)
[2022-04-07T17:41:21.087] [INFO] access - path:/api/v1/profiles/wx3/follow, method:POST, user-agent:apifox/1.0.0 (https://www.apifox.cn)
[2022-04-07T17:41:34.412] [INFO] access - path:/api/v1/profiles/wx3/follow, method:DELETE, user-agent:apifox/1.0.0 (https://www.apifox.cn)
[2022-04-07T17:42:49.916] [INFO] access - path:/api/v1/profiles/wx782/follow, method:DELETE, user-agent:apifox/1.0.0 (https://www.apifox.cn)
[2022-04-07T17:43:29.625] [INFO] access - path:/api/v1/profiles/wx782/follow, method:DELETE, user-agent:apifox/1.0.0 (https://www.apifox.cn)
[2022-04-07T17:43:43.280] [INFO] access - path:/api/v1/profiles/wx782/follow, method:POST, user-agent:apifox/1.0.0 (https://www.apifox.cn)
[2022-04-07T17:43:52.001] [INFO] access - path:/api/v1/profiles/wx782/follow, method:DELETE, user-agent:apifox/1.0.0 (https://www.apifox.cn)
[2022-04-07T17:44:00.386] [INFO] access - path:/api/v1/profiles/wx782/follow, method:POST, user-agent:apifox/1.0.0 (https://www.apifox.cn)
[2022-04-07T17:44:07.208] [INFO] access - path:/api/v1/profiles/wx782/follow, method:POST, user-agent:apifox/1.0.0 (https://www.apifox.cn)
[2022-04-07T17:48:18.720] [INFO] access - path:/api/v1/profiles/wx782/follow, method:POST, user-agent:apifox/1.0.0 (https://www.apifox.cn)
[2022-04-07T17:48:46.496] [INFO] access - path:/api/v1/profiles/wx782/follow, method:DELETE, user-agent:apifox/1.0.0 (https://www.apifox.cn)
[2022-04-07T17:49:03.674] [INFO] access - path:/api/v1/profiles/wx782/follow, method:POST, user-agent:apifox/1.0.0 (https://www.apifox.cn)
[2022-04-07T17:49:13.841] [INFO] access - path:/api/v1/profiles/wx782/follow, method:DELETE, user-agent:apifox/1.0.0 (https://www.apifox.cn)
[2022-04-07T17:50:54.916] [INFO] access - path:/api/v1/profiles/wx782/follow, method:POST, user-agent:apifox/1.0.0 (https://www.apifox.cn)
[2022-04-07T17:58:30.149] [INFO] access - path:/api/v1/profiles/wx782/follow, method:POST, user-agent:apifox/1.0.0 (https://www.apifox.cn)
[2022-04-07T17:59:05.699] [INFO] access - path:/api/v1/profiles/wx782/follow, method:DELETE, user-agent:apifox/1.0.0 (https://www.apifox.cn)
[2022-04-07T18:01:07.059] [INFO] access - path:/api/v1/profiles/wx782/follow, method:POST, user-agent:apifox/1.0.0 (https://www.apifox.cn)
[2022-04-07T18:01:10.886] [INFO] access - path:/api/v1/profiles/wx782/follow, method:DELETE, user-agent:apifox/1.0.0 (https://www.apifox.cn)
[2022-04-07T18:01:22.644] [INFO] access - path:/api/v1/profiles/wx782/follow, method:POST, user-agent:apifox/1.0.0 (https://www.apifox.cn)
[2022-04-07T18:02:48.891] [INFO] access - path:/api/v1/profiles/wx782/follow, method:POST, user-agent:apifox/1.0.0 (https://www.apifox.cn)
[2022-04-07T18:02:59.895] [INFO] access - path:/api/v1/profiles/wx782/follow, method:DELETE, user-agent:apifox/1.0.0 (https://www.apifox.cn)
[2022-04-07T18:03:17.540] [INFO] access - path:/api/v1/profiles/wx782/follow, method:DELETE, user-agent:apifox/1.0.0 (https://www.apifox.cn)
[2022-04-07T18:03:53.788] [INFO] access - path:/api/v1/profiles/wx782/follow, method:DELETE, user-agent:apifox/1.0.0 (https://www.apifox.cn)
[2022-04-07T18:03:56.761] [INFO] access - path:/api/v1/profiles/wx782/follow, method:POST, user-agent:apifox/1.0.0 (https://www.apifox.cn)
[2022-04-07T18:04:02.443] [INFO] access - path:/api/v1/profiles/wx782/follow, method:DELETE, user-agent:apifox/1.0.0 (https://www.apifox.cn)
[2022-04-07T18:04:09.872] [INFO] access - path:/api/v1/profiles/wx782/follow, method:DELETE, user-agent:apifox/1.0.0 (https://www.apifox.cn)
[2022-04-07T18:05:15.347] [INFO] access - path:/api/v1/profiles/wx782/follow, method:POST, user-agent:apifox/1.0.0 (https://www.apifox.cn)
[2022-04-07T18:05:17.131] [INFO] access - path:/api/v1/profiles/wx782/follow, method:POST, user-agent:apifox/1.0.0 (https://www.apifox.cn)
[2022-04-07T18:05:57.112] [INFO] access - path:/api/v1/profiles/wx784/follow, method:POST, user-agent:apifox/1.0.0 (https://www.apifox.cn)
[2022-04-07T18:06:08.900] [INFO] access - path:/api/v1/profiles/wx2/follow, method:POST, user-agent:apifox/1.0.0 (https://www.apifox.cn)
[2022-04-07T18:06:11.870] [INFO] access - path:/api/v1/profiles/wx2/follow, method:POST, user-agent:apifox/1.0.0 (https://www.apifox.cn)
[2022-04-07T18:07:49.113] [INFO] access - path:/api/v1/profiles/wx5/follow, method:POST, user-agent:apifox/1.0.0 (https://www.apifox.cn)
[2022-04-07T18:09:19.629] [INFO] access - path:/api/v1/profiles/wx5/follow, method:POST, user-agent:apifox/1.0.0 (https://www.apifox.cn)
[2022-04-07T18:09:36.433] [INFO] access - path:/api/v1/profiles/wx5/follow, method:POST, user-agent:apifox/1.0.0 (https://www.apifox.cn)
[2022-04-07T18:09:44.403] [INFO] access - path:/api/v1/profiles/wx5/follow, method:POST, user-agent:apifox/1.0.0 (https://www.apifox.cn)
[2022-04-07T18:09:54.777] [INFO] access - path:/api/v1/profiles/wx2/follow, method:POST, user-agent:apifox/1.0.0 (https://www.apifox.cn)
[2022-04-07T18:10:13.729] [INFO] access - path:/api/v1/profiles/wx2/follow, method:POST, user-agent:apifox/1.0.0 (https://www.apifox.cn)
[2022-04-07T18:11:40.833] [INFO] access - path:/api/v1/profiles/wx2/follow, method:POST, user-agent:apifox/1.0.0 (https://www.apifox.cn)
[2022-04-07T18:11:56.342] [INFO] access - path:/api/v1/profiles/wx2/follow, method:POST, user-agent:apifox/1.0.0 (https://www.apifox.cn)
[2022-04-07T18:11:58.881] [INFO] access - path:/api/v1/profiles/wx2/follow, method:POST, user-agent:apifox/1.0.0 (https://www.apifox.cn)
[2022-04-07T18:12:09.128] [INFO] access - path:/api/v1/profiles/wx782/follow, method:DELETE, user-agent:apifox/1.0.0 (https://www.apifox.cn)
[2022-04-07T18:12:16.940] [INFO] access - path:/api/v1/profiles/wx782/follow, method:DELETE, user-agent:apifox/1.0.0 (https://www.apifox.cn)
[2022-04-30T18:13:24.989] [INFO] access - path:/api/v1/articles/%7B%7Bslug%7D%7D/favorite, method:POST, user-agent:apifox/1.0.0 (https://www.apifox.cn)
[2022-04-30T18:13:48.752] [INFO] access - path:/api/v1/users/login, method:POST, user-agent:apifox/1.0.0 (https://www.apifox.cn)
[2022-04-30T18:15:10.687] [INFO] access - path:/api/v1/articles/%7B%7Bslug%7D%7D/favorite, method:POST, user-agent:apifox/1.0.0 (https://www.apifox.cn)
[2022-04-30T18:15:20.477] [INFO] access - path:/api/v1/articles/%7B%7Bslug%7D%7D/favorite, method:POST, user-agent:apifox/1.0.0 (https://www.apifox.cn)
[2022-04-30T18:15:41.325] [INFO] access - path:/api/v1/users/login, method:POST, user-agent:apifox/1.0.0 (https://www.apifox.cn)
[2022-04-30T18:16:10.262] [INFO] access - path:/api/v1/articles/%7B%7Bslug%7D%7D/favorite, method:POST, user-agent:apifox/1.0.0 (https://www.apifox.cn)
[2022-04-30T18:17:08.871] [INFO] access - path:/api/v1/articles, method:POST, user-agent:apifox/1.0.0 (https://www.apifox.cn)
[2022-04-30T18:19:49.751] [INFO] access - path:/api/v1/users, method:POST, user-agent:apifox/1.0.0 (https://www.apifox.cn)
[2022-04-30T18:19:55.526] [INFO] access - path:/api/v1/users, method:POST, user-agent:apifox/1.0.0 (https://www.apifox.cn)
[2022-04-30T18:20:00.002] [INFO] access - path:/api/v1/users, method:POST, user-agent:apifox/1.0.0 (https://www.apifox.cn)
[2022-04-30T18:20:14.964] [INFO] access - path:/api/v1/users/login, method:POST, user-agent:apifox/1.0.0 (https://www.apifox.cn)
[2022-04-30T18:20:31.037] [INFO] access - path:/api/v1/articles/%7B%7Bslug%7D%7D/favorite, method:POST, user-agent:apifox/1.0.0 (https://www.apifox.cn)
[2022-04-30T18:20:40.247] [INFO] access - path:/api/v1/articles/%7B%7Bslug%7D%7D/favorite, method:POST, user-agent:apifox/1.0.0 (https://www.apifox.cn)
[2022-04-30T18:21:36.630] [INFO] access - path:/api/v1/articles, method:POST, user-agent:apifox/1.0.0 (https://www.apifox.cn)
[2022-04-30T18:21:43.182] [INFO] access - path:/api/v1/articles, method:POST, user-agent:apifox/1.0.0 (https://www.apifox.cn)
[2022-04-30T18:21:46.621] [INFO] access - path:/api/v1/articles, method:POST, user-agent:apifox/1.0.0 (https://www.apifox.cn)
[2022-04-30T18:22:05.003] [INFO] access - path:/api/v1/articles, method:POST, user-agent:apifox/1.0.0 (https://www.apifox.cn)
[2022-04-30T18:24:33.832] [INFO] access - path:/api/v1/users/login, method:POST, user-agent:apifox/1.0.0 (https://www.apifox.cn)
[2022-04-30T18:24:44.830] [INFO] access - path:/api/v1/articles/%7B%7Bslug%7D%7D/favorite, method:POST, user-agent:apifox/1.0.0 (https://www.apifox.cn)
[2022-04-30T18:24:49.888] [INFO] access - path:/api/v1/articles/%7B%7Bslug%7D%7D/favorite, method:POST, user-agent:apifox/1.0.0 (https://www.apifox.cn)
[2022-04-30T18:26:44.156] [INFO] access - path:/api/v1/articles/%7B%7Bslug%7D%7D/favorite, method:POST, user-agent:apifox/1.0.0 (https://www.apifox.cn)
[2022-04-30T18:27:49.003] [INFO] access - path:/api/v1/articles/%7B%7Bslug%7D%7D/favorite, method:POST, user-agent:apifox/1.0.0 (https://www.apifox.cn)
[2022-04-30T18:29:42.629] [INFO] access - path:/api/v1/articles/%7B%7Bslug%7D%7D/favorite, method:POST, user-agent:apifox/1.0.0 (https://www.apifox.cn)
[2022-04-30T18:30:11.027] [INFO] access - path:/api/v1/articles, method:POST, user-agent:apifox/1.0.0 (https://www.apifox.cn)
[2022-04-30T18:30:44.878] [INFO] access - path:/api/v1/articles/90/favorite, method:POST, user-agent:apifox/1.0.0 (https://www.apifox.cn)
[2022-04-30T18:32:28.786] [INFO] access - path:/api/v1/articles/90/favorite, method:POST, user-agent:apifox/1.0.0 (https://www.apifox.cn)
[2022-04-30T18:33:15.423] [INFO] access - path:/api/v1/articles/90/favorite, method:POST, user-agent:apifox/1.0.0 (https://www.apifox.cn)
[2022-04-30T19:55:33.861] [INFO] access - path:/api/v1/articles/90/favorite, method:POST, user-agent:apifox/1.0.0 (https://www.apifox.cn)
[2022-04-30T20:06:16.397] [INFO] access - path:/api/v1/articles/90/favorite, method:POST, user-agent:apifox/1.0.0 (https://www.apifox.cn)
[2022-04-30T20:08:56.638] [INFO] access - path:/api/v1/articles/90/favorite, method:POST, user-agent:apifox/1.0.0 (https://www.apifox.cn)
[2022-04-30T20:11:25.012] [INFO] access - path:/api/v1/articles/90/favorite, method:POST, user-agent:apifox/1.0.0 (https://www.apifox.cn)
[2022-04-30T20:17:23.430] [INFO] access - path:/api/v1/articles/90/favorite, method:POST, user-agent:apifox/1.0.0 (https://www.apifox.cn)
[2022-04-30T20:21:10.358] [INFO] access - path:/api/v1/articles/90/favorite, method:POST, user-agent:apifox/1.0.0 (https://www.apifox.cn)
[2022-04-30T20:22:38.106] [INFO] access - path:/api/v1/articles/90/favorite, method:POST, user-agent:apifox/1.0.0 (https://www.apifox.cn)
[2022-04-30T20:23:01.846] [INFO] access - path:/api/v1/articles/90/favorite, method:POST, user-agent:apifox/1.0.0 (https://www.apifox.cn)
[2022-04-30T20:25:04.758] [INFO] access - path:/api/v1/articles/90/favorite, method:POST, user-agent:apifox/1.0.0 (https://www.apifox.cn)
[2022-04-30T20:31:07.142] [INFO] access - path:/api/v1/articles/90/favorite, method:POST, user-agent:apifox/1.0.0 (https://www.apifox.cn)
[2022-04-30T20:34:08.785] [INFO] access - path:/api/v1/articles/90/favorite, method:POST, user-agent:apifox/1.0.0 (https://www.apifox.cn)
[2022-04-30T20:35:44.266] [INFO] access - path:/api/v1/articles/90/favorite, method:POST, user-agent:apifox/1.0.0 (https://www.apifox.cn)
[2022-04-30T20:37:54.990] [INFO] access - path:/api/v1/articles/90/favorite, method:POST, user-agent:apifox/1.0.0 (https://www.apifox.cn)
[2022-04-30T20:40:33.007] [INFO] access - path:/api/v1/articles/90/favorite, method:POST, user-agent:apifox/1.0.0 (https://www.apifox.cn)
[2022-04-30T20:40:57.511] [INFO] access - path:/api/v1/articles/90/favorite, method:POST, user-agent:apifox/1.0.0 (https://www.apifox.cn)
[2022-04-30T20:42:16.479] [INFO] access - path:/api/v1/articles/90/favorite, method:POST, user-agent:apifox/1.0.0 (https://www.apifox.cn)
[2022-04-30T20:42:47.594] [INFO] access - path:/api/v1/articles/90/favorite, method:POST, user-agent:apifox/1.0.0 (https://www.apifox.cn)
[2022-04-30T20:48:55.582] [INFO] access - path:/api/v1/articles/90/favorite, method:POST, user-agent:apifox/1.0.0 (https://www.apifox.cn)
[2022-04-30T20:52:25.475] [INFO] access - path:/api/v1/articles/90/favorite, method:POST, user-agent:apifox/1.0.0 (https://www.apifox.cn)
[2022-04-30T20:52:35.985] [INFO] access - path:/api/v1/articles/90/favorite, method:POST, user-agent:apifox/1.0.0 (https://www.apifox.cn)
[2022-04-30T20:54:50.937] [INFO] access - path:/api/v1/articles/90/favorite, method:POST, user-agent:apifox/1.0.0 (https://www.apifox.cn)
[2022-04-30T20:55:17.360] [INFO] access - path:/api/v1/articles/90/favorite, method:POST, user-agent:apifox/1.0.0 (https://www.apifox.cn)
[2022-04-30T20:55:49.353] [INFO] access - path:/api/v1/articles/90/favorite, method:POST, user-agent:apifox/1.0.0 (https://www.apifox.cn)
[2022-04-30T20:57:05.928] [INFO] access - path:/api/v1/articles/90/favorite, method:POST, user-agent:apifox/1.0.0 (https://www.apifox.cn)
[2022-04-30T21:07:17.390] [INFO] access - path:/api/v1/articles/90/favorite, method:DELETE, user-agent:apifox/1.0.0 (https://www.apifox.cn)
[2022-04-30T21:07:21.791] [INFO] access - path:/api/v1/articles/90/favorite, method:DELETE, user-agent:apifox/1.0.0 (https://www.apifox.cn)
[2022-04-30T21:07:49.415] [INFO] access - path:/api/v1/articles/90/favorite, method:DELETE, user-agent:apifox/1.0.0 (https://www.apifox.cn)
[2022-04-30T21:19:18.727] [INFO] access - path:/api/v1/articles/90/comments, method:POST, user-agent:apifox/1.0.0 (https://www.apifox.cn)
[2022-04-30T21:20:07.637] [INFO] access - path:/api/v1/articles/90/comments, method:POST, user-agent:apifox/1.0.0 (https://www.apifox.cn)
[2022-04-30T21:32:37.138] [INFO] access - path:/api/v1/articles/90/comments, method:POST, user-agent:apifox/1.0.0 (https://www.apifox.cn)
[2022-04-30T21:33:38.672] [INFO] access - path:/api/v1/articles/90/comments, method:POST, user-agent:apifox/1.0.0 (https://www.apifox.cn)
[2022-04-30T21:35:15.411] [INFO] access - path:/api/v1/articles/90/comments, method:POST, user-agent:apifox/1.0.0 (https://www.apifox.cn)
[2022-04-30T21:48:16.186] [INFO] access - path:/api/v1/articles/90/comments, method:GET, user-agent:apifox/1.0.0 (https://www.apifox.cn)
[2022-04-30T21:48:21.306] [INFO] access - path:/api/v1/articles/90/comments, method:GET, user-agent:apifox/1.0.0 (https://www.apifox.cn)
[2022-04-30T21:49:30.597] [INFO] access - path:/api/v1/articles/90/comments, method:GET, user-agent:apifox/1.0.0 (https://www.apifox.cn)
[2022-04-30T21:49:54.016] [INFO] access - path:/api/v1/articles/90/comments, method:GET, user-agent:apifox/1.0.0 (https://www.apifox.cn)
[2022-04-30T21:50:17.310] [INFO] access - path:/api/v1/articles/90/comments, method:GET, user-agent:apifox/1.0.0 (https://www.apifox.cn)
[2022-04-30T21:53:02.294] [INFO] access - path:/api/v1/articles/90/comments/%7B%7BcommentId%7D%7D, method:DELETE, user-agent:apifox/1.0.0 (https://www.apifox.cn)
[2022-04-30T21:53:47.142] [INFO] access - path:/api/v1/articles/90/comments/%7B%7BcommentId%7D%7D, method:DELETE, user-agent:apifox/1.0.0 (https://www.apifox.cn)
[2022-04-30T21:55:01.210] [INFO] access - path:/api/v1/articles/90/comments/%7B%7BcommentId%7D%7D, method:DELETE, user-agent:apifox/1.0.0 (https://www.apifox.cn)
[2022-04-30T21:57:39.478] [INFO] access - path:/api/v1/articles/90/comments/%7B%7BcommentId%7D%7D, method:DELETE, user-agent:apifox/1.0.0 (https://www.apifox.cn)
[2022-04-30T22:00:22.137] [INFO] access - path:/api/v1/articles/90/comments/%7B%7BcommentId%7D%7D, method:DELETE, user-agent:apifox/1.0.0 (https://www.apifox.cn)
[2022-04-30T22:00:59.629] [INFO] access - path:/api/v1/articles/90/comments/%7B%7BcommentId%7D%7D, method:DELETE, user-agent:apifox/1.0.0 (https://www.apifox.cn)
[2022-04-30T22:01:57.140] [INFO] access - path:/api/v1/articles/90/comments/3, method:DELETE, user-agent:apifox/2.1.6 (https://www.apifox.cn)
[2022-04-30T22:02:21.073] [INFO] access - path:/api/v1/articles/90/comments/3, method:DELETE, user-agent:apifox/2.1.6 (https://www.apifox.cn)
[2022-04-30T22:03:09.279] [INFO] access - path:/api/v1/articles/90/comments/3, method:DELETE, user-agent:apifox/2.1.6 (https://www.apifox.cn)
